Determining if the pthread_create exist failed with the following output:
Change Dir: /home/swg/catkin_ws/src/roscir/CMakeFiles/CMakeTmp

Run Build Command:/usr/bin/make "cmTryCompileExec1488938171/fast"
/usr/bin/make -f CMakeFiles/cmTryCompileExec1488938171.dir/build.make CMakeFiles/cmTryCompileExec1488938171.dir/build
make[1]: Entering directory `/home/swg/catkin_ws/src/roscir/CMakeFiles/CMakeTmp'
/usr/bin/cmake -E cmake_progress_report /home/swg/catkin_ws/src/roscir/CMakeFiles/CMakeTmp/CMakeFiles 1
Building C object CMakeFiles/cmTryCompileExec1488938171.dir/CheckSymbolExists.c.o
/usr/bin/cc    -o CMakeFiles/cmTryCompileExec1488938171.dir/CheckSymbolExists.c.o   -c /home/swg/catkin_ws/src/roscir/CMakeFiles/CMakeTmp/CheckSymbolExists.c
Linking C executable cmTryCompileExec1488938171
/usr/bin/cmake -E cmake_link_script CMakeFiles/cmTryCompileExec1488938171.dir/link.txt --verbose=1
/usr/bin/cc       CMakeFiles/cmTryCompileExec1488938171.dir/CheckSymbolExists.c.o  -o cmTryCompileExec1488938171 -rdynamic 
CMakeFiles/cmTryCompileExec1488938171.dir/CheckSymbolExists.c.o: In function `main':
CheckSymbolExists.c:(.text+0x16): undefined reference to `pthread_create'
collect2: error: ld returned 1 exit status
make[1]: *** [cmTryCompileExec1488938171] Error 1
make[1]: Leaving directory `/home/swg/catkin_ws/src/roscir/CMakeFiles/CMakeTmp'
make: *** [cmTryCompileExec1488938171/fast] Error 2

File /home/swg/catkin_ws/src/roscir/CMakeFiles/CMakeTmp/CheckSymbolExists.c:
/* */
#include <pthread.h>

int main(int argc, char** argv)
{
  (void)argv;
#ifndef pthread_create
  return ((int*)(&pthread_create))[argc];
#else
  (void)argc;
  return 0;
#endif
}

Determining if the function pthread_create exists in the pthreads failed with the following output:
Change Dir: /home/swg/catkin_ws/src/roscir/CMakeFiles/CMakeTmp

Run Build Command:/usr/bin/make "cmTryCompileExec4204573745/fast"
/usr/bin/make -f CMakeFiles/cmTryCompileExec4204573745.dir/build.make CMakeFiles/cmTryCompileExec4204573745.dir/build
make[1]: Entering directory `/home/swg/catkin_ws/src/roscir/CMakeFiles/CMakeTmp'
/usr/bin/cmake -E cmake_progress_report /home/swg/catkin_ws/src/roscir/CMakeFiles/CMakeTmp/CMakeFiles 1
Building C object CMakeFiles/cmTryCompileExec4204573745.dir/CheckFunctionExists.c.o
/usr/bin/cc   -DCHECK_FUNCTION_EXISTS=pthread_create   -o CMakeFiles/cmTryCompileExec4204573745.dir/CheckFunctionExists.c.o   -c /usr/share/cmake-2.8/Modules/CheckFunctionExists.c
Linking C executable cmTryCompileExec4204573745
/usr/bin/cmake -E cmake_link_script CMakeFiles/cmTryCompileExec4204573745.dir/link.txt --verbose=1
/usr/bin/cc   -DCHECK_FUNCTION_EXISTS=pthread_create    CMakeFiles/cmTryCompileExec4204573745.dir/CheckFunctionExists.c.o  -o cmTryCompileExec4204573745 -rdynamic -lpthreads 
/usr/bin/ld: cannot find -lpthreads
collect2: error: ld returned 1 exit status
make[1]: *** [cmTryCompileExec4204573745] Error 1
make[1]: Leaving directory `/home/swg/catkin_ws/src/roscir/CMakeFiles/CMakeTmp'
make: *** [cmTryCompileExec4204573745/fast] Error 2


